<?xml version="1.0" encoding="UTF-8"?>
<!-- Generated by org.testng.reporters.JUnitReportReporter -->
<testsuite hostname="bmc1101823" name="TestNGDemo.TANGTANG.TestNG" tests="1" failures="0" timestamp="1 Apr 2018 03:49:59 GMT" time="0.024" errors="0">
  <testcase name="test" time="0.024" classname="TestNGDemo.TANGTANG.TestNG"/>
</testsuite> <!-- TestNGDemo.TANGTANG.TestNG -->
